[2024/04/22 13:34:12.141] - Starting server with initial configuration: {"gasLimit":6721975,"gasPrice":20000000000,"hardfork":"merge","hostname":"127.0.0.1","port":7545,"network_id":5777,"default_balance_ether":100,"total_accounts":10,"unlocked_accounts":[],"locked":false,"vmErrorsOnRPCResponse":true,"verbose":false,"flavor":"ethereum","db_path":"C:\\Users\\User\\AppData\\Roaming\\Ganache\\ui\\workspaces\\Quickstart\\chaindata","mnemonic":"fetch theme hover half asthma void gloom replace there throw satisfy member","logDirectory":"D:\\test5.2"}
[2024/04/22 13:34:12.524] - eth_blockNumber
[2024/04/22 13:34:12.527] - eth_accounts
[2024/04/22 13:34:12.539] - eth_gasPrice
[2024/04/22 13:34:12.543] - eth_getBlockByNumber
[2024/04/22 13:34:12.579] - eth_subscribe
[2024/04/22 13:34:12.581] - eth_accounts
[2024/04/22 13:34:12.604] - eth_subscribe
[2024/04/22 13:34:12.619] - eth_getLogs
[2024/04/22 13:34:12.625] - eth_subscribe
[2024/04/22 13:34:12.629] - eth_subscribe
[2024/04/22 13:34:12.632] - eth_getLogs
[2024/04/22 13:34:12.633] - eth_subscribe
[2024/04/22 13:34:12.716] - eth_getBalance
[2024/04/22 13:34:12.718] - eth_getTransactionCount
[2024/04/22 13:34:12.720] - eth_getBalance
[2024/04/22 13:34:12.722] - eth_getTransactionCount
[2024/04/22 13:34:12.725] - eth_getBalance
[2024/04/22 13:34:12.726] - eth_getTransactionCount
[2024/04/22 13:34:12.727] - eth_getBalance
[2024/04/22 13:34:12.730] - eth_getTransactionCount
[2024/04/22 13:34:12.732] - eth_getBalance
[2024/04/22 13:34:12.733] - eth_getBalance
[2024/04/22 13:34:12.734] - eth_getTransactionCount
[2024/04/22 13:34:12.737] - eth_getBalance
[2024/04/22 13:34:12.758] - eth_getTransactionCount
[2024/04/22 13:34:12.763] - eth_getBalance
[2024/04/22 13:34:12.764] - eth_getTransactionCount
[2024/04/22 13:34:12.801] - eth_getBalance
[2024/04/22 13:34:12.802] - eth_getTransactionCount
[2024/04/22 13:34:12.803] - eth_getBalance
[2024/04/22 13:34:12.805] - eth_getTransactionCount
[2024/04/22 13:34:12.806] - eth_getBalance
[2024/04/22 13:34:12.807] - eth_getTransactionCount
[2024/04/22 13:34:12.808] - eth_getBalance
[2024/04/22 13:34:12.809] - eth_getTransactionCount
[2024/04/22 13:34:12.811] - eth_getBalance
[2024/04/22 13:34:12.824] - eth_getTransactionCount
[2024/04/22 13:34:12.826] - eth_getBalance
[2024/04/22 13:34:12.827] - eth_getTransactionCount
[2024/04/22 13:34:12.831] - eth_getBalance
[2024/04/22 13:34:12.836] - eth_getTransactionCount
[2024/04/22 13:34:12.838] - eth_getTransactionCount
[2024/04/22 13:34:12.839] - eth_getBalance
[2024/04/22 13:34:12.840] - eth_getTransactionCount
[2024/04/22 13:34:12.842] - eth_getBalance
[2024/04/22 13:34:12.859] - eth_getTransactionCount
[2024/04/22 13:34:12.861] - eth_getBalance
[2024/04/22 13:34:12.863] - eth_getTransactionCount
[2024/04/22 13:34:12.864] - eth_blockNumber
[2024/04/22 13:34:12.865] - eth_accounts
[2024/04/22 13:34:12.867] - eth_gasPrice
[2024/04/22 13:34:12.869] - eth_getBlockByNumber
[2024/04/22 13:34:12.870] - eth_subscribe
[2024/04/22 13:34:12.872] - eth_getBalance
[2024/04/22 13:34:12.896] - eth_getTransactionCount
[2024/04/22 13:34:12.898] - eth_getBalance
[2024/04/22 13:34:12.899] - eth_getTransactionCount
[2024/04/22 13:34:12.926] - eth_getBalance
[2024/04/22 13:34:12.929] - eth_getTransactionCount
[2024/04/22 13:34:12.931] - eth_getBalance
[2024/04/22 13:34:12.933] - eth_getTransactionCount
[2024/04/22 13:34:12.936] - eth_getBalance
[2024/04/22 13:34:12.938] - eth_getTransactionCount
[2024/04/22 13:34:12.955] - eth_getBalance
[2024/04/22 13:34:12.957] - eth_getTransactionCount
[2024/04/22 13:34:12.958] - eth_getBalance
[2024/04/22 13:34:12.959] - eth_getTransactionCount
[2024/04/22 13:34:12.961] - eth_getBalance
[2024/04/22 13:34:12.963] - eth_getTransactionCount
[2024/04/22 13:34:12.964] - eth_getBalance
[2024/04/22 13:34:12.993] - eth_getTransactionCount
[2024/04/22 13:34:13.018] - eth_getBalance
[2024/04/22 13:34:13.025] - eth_getTransactionCount
[2024/04/22 13:34:13.027] - eth_getBalance
[2024/04/22 13:34:13.028] - eth_getTransactionCount
[2024/04/22 13:34:13.029] - eth_getBalance
[2024/04/22 13:34:13.030] - eth_getTransactionCount
[2024/04/22 13:34:13.032] - eth_getBalance
[2024/04/22 13:34:13.033] - eth_getTransactionCount
[2024/04/22 13:34:13.034] - eth_getBalance
[2024/04/22 13:34:13.035] - eth_getTransactionCount
[2024/04/22 13:34:13.037] - eth_getBalance
[2024/04/22 13:34:13.038] - eth_getTransactionCount
[2024/04/22 13:34:13.039] - eth_getBalance
[2024/04/22 13:34:13.040] - eth_getTransactionCount
[2024/04/22 13:34:13.043] - eth_getBalance
[2024/04/22 13:34:13.044] - eth_getTransactionCount
[2024/04/22 13:34:13.046] - eth_getBalance
[2024/04/22 13:34:13.047] - eth_getTransactionCount
[2024/04/22 13:34:13.048] - eth_getBalance
[2024/04/22 13:34:13.050] - eth_getTransactionCount
[2024/04/22 13:34:13.051] - eth_getBalance
[2024/04/22 13:34:13.052] - eth_getTransactionCount
[2024/04/22 13:34:13.053] - eth_getBalance
[2024/04/22 13:34:13.054] - eth_getTransactionCount
[2024/04/22 13:34:13.055] - eth_getBalance
[2024/04/22 13:34:13.057] - eth_getTransactionCount
[2024/04/22 13:40:01.899] - eth_getBlockByNumber
[2024/04/22 13:40:02.270] - eth_getBlockTransactionCountByHash
[2024/04/22 13:40:04.698] - eth_getBlockByNumber
[2024/04/22 13:40:31.223] - eth_getLogs
[2024/04/22 13:54:30.509] - eth_unsubscribe
[2024/04/22 13:54:30.598] - eth_unsubscribe
