[2024/04/22 14:20:41.234] - Starting server with initial configuration: {"gasLimit":6721975,"gasPrice":20000000000,"hardfork":"merge","hostname":"127.0.0.1","port":7545,"network_id":5777,"default_balance_ether":100,"total_accounts":10,"unlocked_accounts":[],"locked":false,"vmErrorsOnRPCResponse":true,"verbose":false,"flavor":"ethereum","db_path":"C:\\Users\\User\\AppData\\Roaming\\Ganache\\ui\\workspaces\\Quickstart\\chaindata","mnemonic":"fetch theme hover half asthma void gloom replace there throw satisfy member","logDirectory":"D:\\test5.2"}
[2024/04/22 14:20:45.400] - eth_subscribe
[2024/04/22 14:20:45.421] - eth_getLogs
[2024/04/22 14:20:45.445] - eth_subscribe
[2024/04/22 14:20:45.508] - eth_subscribe
[2024/04/22 14:20:45.552] - eth_getLogs
[2024/04/22 14:20:45.556] - eth_subscribe
[2024/04/22 14:20:45.560] - eth_blockNumber
[2024/04/22 14:20:45.563] - eth_accounts
[2024/04/22 14:20:45.566] - eth_gasPrice
[2024/04/22 14:20:45.616] - eth_getBlockByNumber
[2024/04/22 14:20:45.619] - eth_subscribe
[2024/04/22 14:20:45.622] - eth_blockNumber
[2024/04/22 14:20:45.642] - eth_accounts
[2024/04/22 14:20:45.643] - eth_gasPrice
[2024/04/22 14:20:45.645] - eth_getBlockByNumber
[2024/04/22 14:20:45.646] - eth_subscribe
[2024/04/22 14:20:45.673] - eth_getBalance
[2024/04/22 14:20:45.676] - eth_getTransactionCount
[2024/04/22 14:20:45.680] - eth_getBalance
[2024/04/22 14:20:45.685] - eth_getTransactionCount
[2024/04/22 14:20:45.689] - eth_getBalance
[2024/04/22 14:20:45.691] - eth_getTransactionCount
[2024/04/22 14:20:45.694] - eth_getBalance
[2024/04/22 14:20:45.696] - eth_getTransactionCount
[2024/04/22 14:20:45.699] - eth_getBalance
[2024/04/22 14:20:45.700] - eth_getTransactionCount
[2024/04/22 14:20:45.719] - eth_getBalance
[2024/04/22 14:20:45.735] - eth_getTransactionCount
[2024/04/22 14:20:45.736] - eth_getBalance
[2024/04/22 14:20:45.738] - eth_getTransactionCount
[2024/04/22 14:20:45.739] - eth_getBalance
[2024/04/22 14:20:45.740] - eth_getTransactionCount
[2024/04/22 14:20:45.741] - eth_getBalance
[2024/04/22 14:20:45.761] - eth_getTransactionCount
[2024/04/22 14:20:45.765] - eth_getBalance
[2024/04/22 14:20:45.766] - eth_getTransactionCount
[2024/04/22 14:20:45.767] - eth_getBalance
[2024/04/22 14:20:45.768] - eth_getTransactionCount
[2024/04/22 14:20:45.770] - eth_getBalance
[2024/04/22 14:20:45.771] - eth_getTransactionCount
[2024/04/22 14:20:45.772] - eth_getBalance
[2024/04/22 14:20:45.774] - eth_getTransactionCount
[2024/04/22 14:20:45.777] - eth_getBalance
[2024/04/22 14:20:45.778] - eth_getTransactionCount
[2024/04/22 14:20:45.780] - eth_getBalance
[2024/04/22 14:20:45.785] - eth_getTransactionCount
[2024/04/22 14:20:45.786] - eth_getBalance
[2024/04/22 14:20:45.787] - eth_getTransactionCount
[2024/04/22 14:20:45.788] - eth_getBalance
[2024/04/22 14:20:45.789] - eth_getTransactionCount
[2024/04/22 14:20:45.791] - eth_getBalance
[2024/04/22 14:20:45.813] - eth_getTransactionCount
[2024/04/22 14:20:45.826] - eth_getBalance
[2024/04/22 14:20:45.830] - eth_getTransactionCount
[2024/04/22 14:20:45.837] - eth_getBalance
[2024/04/22 14:20:45.839] - eth_getTransactionCount
[2024/04/22 14:20:45.875] - eth_getBalance
[2024/04/22 14:20:45.895] - eth_getTransactionCount
[2024/04/22 14:20:45.897] - eth_getBalance
[2024/04/22 14:20:45.899] - eth_getTransactionCount
[2024/04/22 14:20:45.901] - eth_getBalance
[2024/04/22 14:20:45.903] - eth_getTransactionCount
[2024/04/22 14:20:45.905] - eth_getBalance
[2024/04/22 14:20:45.906] - eth_getTransactionCount
[2024/04/22 14:20:45.909] - eth_getBalance
[2024/04/22 14:20:45.911] - eth_getTransactionCount
[2024/04/22 14:20:45.912] - eth_getBalance
[2024/04/22 14:20:45.914] - eth_getTransactionCount
[2024/04/22 14:20:45.915] - eth_getBalance
[2024/04/22 14:20:45.916] - eth_getTransactionCount
[2024/04/22 14:20:45.920] - eth_getBalance
[2024/04/22 14:20:45.922] - eth_getTransactionCount
[2024/04/22 14:20:45.923] - eth_getBalance
[2024/04/22 14:20:45.925] - eth_getTransactionCount
[2024/04/22 14:20:45.926] - eth_getBalance
[2024/04/22 14:20:45.928] - eth_getTransactionCount
[2024/04/22 14:20:45.929] - eth_getBalance
[2024/04/22 14:20:45.931] - eth_getTransactionCount
[2024/04/22 14:20:45.932] - eth_getBalance
[2024/04/22 14:20:45.948] - eth_getTransactionCount
[2024/04/22 14:20:45.950] - eth_getBalance
[2024/04/22 14:20:45.952] - eth_getTransactionCount
[2024/04/22 14:20:45.953] - eth_getBalance
[2024/04/22 14:20:45.954] - eth_getTransactionCount
[2024/04/22 14:20:45.955] - eth_getBalance
[2024/04/22 14:20:46.000] - eth_getTransactionCount
[2024/04/22 14:20:46.003] - eth_getBalance
[2024/04/22 14:20:46.005] - eth_getTransactionCount
[2024/04/22 14:20:46.006] - eth_getBalance
[2024/04/22 14:20:46.008] - eth_getTransactionCount
[2024/04/22 14:20:46.009] - eth_getBalance
[2024/04/22 14:20:46.012] - eth_getTransactionCount
[2024/04/22 14:20:46.013] - eth_getBalance
[2024/04/22 14:20:46.019] - eth_getTransactionCount
[2024/04/22 14:20:46.021] - eth_getBalance
[2024/04/22 14:20:46.023] - eth_getTransactionCount
[2024/04/22 14:20:50.904] - eth_getBlockByNumber
[2024/04/22 14:21:26.415] - eth_unsubscribe
[2024/04/22 14:21:26.419] - eth_unsubscribe
